{"numFailedTestSuites":0,"numFailedTests":0,"numPassedTestSuites":3,"numPassedTests":23,"numPendingTestSuites":0,"numPendingTests":0,"numRuntimeErrorTestSuites":0,"numTodoTests":0,"numTotalTestSuites":3,"numTotalTests":23,"openHandles":[],"snapshot":{"added":0,"didUpdate":false,"failure":false,"filesAdded":0,"filesRemoved":0,"filesRemovedList":[],"filesUnmatched":0,"filesUpdated":0,"matched":0,"total":0,"unchecked":0,"uncheckedKeysByFile":[],"unmatched":0,"updated":0},"startTime":1782569744156,"success":true,"testResults":[{"assertionResults":[{"ancestorTitles":["normalizeEmail"],"duration":2,"failing":false,"failureDetails":[],"failureMessages":[],"fullName":"normalizeEmail should return valid for a normal email","invocations":1,"location":null,"numPassingAsserts":1,"retryReasons":[],"startAt":1782569744681,"status":"passed","title":"should return valid for a normal email"},{"ancestorTitles":["normalizeEmail"],"duration":1,"failing":false,"failureDetails":[],"failureMessages":[],"fullName":"normalizeEmail should trim whitespace from both ends","invocations":1,"location":null,"numPassingAsserts":1,"retryReasons":[],"startAt":1782569744683,"status":"passed","title":"should trim whitespace from both ends"},{"ancestorTitles":["normalizeEmail"],"duration":0,"failing":false,"failureDetails":[],"failureMessages":[],"fullName":"normalizeEmail should lowercase the domain part","invocations":1,"location":null,"numPassingAsserts":1,"retryReasons":[],"startAt":1782569744684,"status":"passed","title":"should lowercase the domain part"},{"ancestorTitles":["normalizeEmail"],"duration":0,"failing":false,"failureDetails":[],"failureMessages":[],"fullName":"normalizeEmail should lowercase the full email address for reliable lookups","invocations":1,"location":null,"numPassingAsserts":1,"retryReasons":[],"startAt":1782569744684,"status":"passed","title":"should lowercase the full email address for reliable lookups"},{"ancestorTitles":["normalizeEmail"],"duration":1,"failing":false,"failureDetails":[],"failureMessages":[],"fullName":"normalizeEmail should return invalid for non-string inputs","invocations":1,"location":null,"numPassingAsserts":2,"retryReasons":[],"startAt":1782569744684,"status":"passed","title":"should return invalid for non-string inputs"},{"ancestorTitles":["normalizeEmail"],"duration":0,"failing":false,"failureDetails":[],"failureMessages":[],"fullName":"normalizeEmail should return invalid for malformed emails","invocations":1,"location":null,"numPassingAsserts":3,"retryReasons":[],"startAt":1782569744685,"status":"passed","title":"should return invalid for malformed emails"}],"endTime":1782569744686,"message":"","name":"D:\\ChatRaj\\Backend\\tests\\unit\\utils\\email.test.js","startTime":1782569744201,"status":"passed","summary":""},{"assertionResults":[{"ancestorTitles":["User Service - Deepened","loginUser"],"duration":1,"failing":false,"failureDetails":[],"failureMessages":[],"fullName":"User Service - Deepened loginUser normalizes the submitted email before performing the lookup","invocations":1,"location":null,"numPassingAsserts":1,"retryReasons":[],"startAt":1782569745238,"status":"passed","title":"normalizes the submitted email before performing the lookup"},{"ancestorTitles":["User Service - Deepened","registerUser"],"duration":9,"failing":false,"failureDetails":[],"failureMessages":[],"fullName":"User Service - Deepened registerUser should throw error if email is already registered and verified","invocations":1,"location":null,"numPassingAsserts":1,"retryReasons":[],"startAt":1782569745239,"status":"passed","title":"should throw error if email is already registered and verified"},{"ancestorTitles":["User Service - Deepened","registerUser"],"duration":1,"failing":false,"failureDetails":[],"failureMessages":[],"fullName":"User Service - Deepened registerUser should delete old unverified user before registering new one","invocations":1,"location":null,"numPassingAsserts":1,"retryReasons":[],"startAt":1782569745248,"status":"passed","title":"should delete old unverified user before registering new one"},{"ancestorTitles":["User Service - Deepened","verifyOtp"],"duration":2,"failing":false,"failureDetails":[],"failureMessages":[],"fullName":"User Service - Deepened verifyOtp should throw error for invalid userId format","invocations":1,"location":null,"numPassingAsserts":1,"retryReasons":[],"startAt":1782569745249,"status":"passed","title":"should throw error for invalid userId format"},{"ancestorTitles":["User Service - Deepened","verifyOtp"],"duration":0,"failing":false,"failureDetails":[],"failureMessages":[],"fullName":"User Service - Deepened verifyOtp should throw error if user not found in DB or Redis","invocations":1,"location":null,"numPassingAsserts":1,"retryReasons":[],"startAt":1782569745251,"status":"passed","title":"should throw error if user not found in DB or Redis"},{"ancestorTitles":["User Service - Deepened","verifyOtp"],"duration":1,"failing":false,"failureDetails":[],"failureMessages":[],"fullName":"User Service - Deepened verifyOtp should verify registration from Redis","invocations":1,"location":null,"numPassingAsserts":3,"retryReasons":[],"startAt":1782569745251,"status":"passed","title":"should verify registration from Redis"},{"ancestorTitles":["User Service - Deepened","verifyOtp"],"duration":0,"failing":false,"failureDetails":[],"failureMessages":[],"fullName":"User Service - Deepened verifyOtp should throw error for incorrect OTP","invocations":1,"location":null,"numPassingAsserts":1,"retryReasons":[],"startAt":1782569745252,"status":"passed","title":"should throw error for incorrect OTP"},{"ancestorTitles":["User Service - Deepened","updatePassword"],"duration":1,"failing":false,"failureDetails":[],"failureMessages":[],"fullName":"User Service - Deepened updatePassword should throw error for short password","invocations":1,"location":null,"numPassingAsserts":1,"retryReasons":[],"startAt":1782569745252,"status":"passed","title":"should throw error for short password"},{"ancestorTitles":["User Service - Deepened","updatePassword"],"duration":0,"failing":false,"failureDetails":[],"failureMessages":[],"fullName":"User Service - Deepened updatePassword should hash new password and save","invocations":1,"location":null,"numPassingAsserts":2,"retryReasons":[],"startAt":1782569745253,"status":"passed","title":"should hash new password and save"}],"endTime":1782569745254,"message":"","name":"D:\\ChatRaj\\Backend\\tests\\unit\\services\\user_service.test.js","startTime":1782569744691,"status":"passed","summary":""},{"assertionResults":[{"ancestorTitles":["Project Service - Deepened","createProject"],"duration":8,"failing":false,"failureDetails":[],"failureMessages":[],"fullName":"Project Service - Deepened createProject should throw error if name is missing","invocations":1,"location":null,"numPassingAsserts":1,"retryReasons":[],"startAt":1782569745622,"status":"passed","title":"should throw error if name is missing"},{"ancestorTitles":["Project Service - Deepened","createProject"],"duration":1,"failing":false,"failureDetails":[],"failureMessages":[],"fullName":"Project Service - Deepened createProject should default to a safe category when none is provided","invocations":1,"location":null,"numPassingAsserts":2,"retryReasons":[],"startAt":1782569745630,"status":"passed","title":"should default to a safe category when none is provided"},{"ancestorTitles":["Project Service - Deepened","createProject"],"duration":0,"failing":false,"failureDetails":[],"failureMessages":[],"fullName":"Project Service - Deepened createProject should handle duplicate project names","invocations":1,"location":null,"numPassingAsserts":1,"retryReasons":[],"startAt":1782569745631,"status":"passed","title":"should handle duplicate project names"},{"ancestorTitles":["Project Service - Deepened","getProjectById"],"duration":1,"failing":false,"failureDetails":[],"failureMessages":[],"fullName":"Project Service - Deepened getProjectById should throw error for invalid projectId","invocations":1,"location":null,"numPassingAsserts":1,"retryReasons":[],"startAt":1782569745631,"status":"passed","title":"should throw error for invalid projectId"},{"ancestorTitles":["Project Service - Deepened","getProjectById"],"duration":1,"failing":false,"failureDetails":[],"failureMessages":[],"fullName":"Project Service - Deepened getProjectById should throw error if project not found","invocations":1,"location":null,"numPassingAsserts":1,"retryReasons":[],"startAt":1782569745632,"status":"passed","title":"should throw error if project not found"},{"ancestorTitles":["Project Service - Deepened","getProjectById"],"duration":0,"failing":false,"failureDetails":[],"failureMessages":[],"fullName":"Project Service - Deepened getProjectById should throw error if user is not a member","invocations":1,"location":null,"numPassingAsserts":1,"retryReasons":[],"startAt":1782569745633,"status":"passed","title":"should throw error if user is not a member"},{"ancestorTitles":["Project Service - Deepened","updateFileTree"],"duration":1,"failing":false,"failureDetails":[],"failureMessages":[],"fullName":"Project Service - Deepened updateFileTree should throw error for invalid fileTree structure (operator injection attempt)","invocations":1,"location":null,"numPassingAsserts":1,"retryReasons":[],"startAt":1782569745633,"status":"passed","title":"should throw error for invalid fileTree structure (operator injection attempt)"},{"ancestorTitles":["Project Service - Deepened","updateFileTree"],"duration":0,"failing":false,"failureDetails":[],"failureMessages":[],"fullName":"Project Service - Deepened updateFileTree should update fileTree if user is member","invocations":1,"location":null,"numPassingAsserts":1,"retryReasons":[],"startAt":1782569745634,"status":"passed","title":"should update fileTree if user is member"}],"endTime":1782569745634,"message":"","name":"D:\\ChatRaj\\Backend\\tests\\unit\\services\\project_service.test.js","startTime":1782569745272,"status":"passed","summary":""}],"wasInterrupted":false}
